<?xml version="1.0" encoding="UTF-8"?>
<testng-results skipped="0" failed="0" ignored="0" total="1" passed="1">
  <reporter-output>
  </reporter-output>
  <suite name="Default suite" duration-ms="7273" started-at="2019-11-29T06:38:57Z" finished-at="2019-11-29T06:39:04Z">
    <groups>
    </groups>
    <test name="Default test" duration-ms="7273" started-at="2019-11-29T06:38:57Z" finished-at="2019-11-29T06:39:04Z">
      <class name="customer.Customer_Login$customer_Login">
        <test-method status="PASS" signature="login()[pri:0, instance:customer.Customer_Login$customer_Login@475530b9]" name="login" duration-ms="7252" started-at="2019-11-29T06:38:57Z" finished-at="2019-11-29T06:39:04Z">
          <reporter-output>
          </reporter-output>
        </test-method> <!-- login -->
      </class> <!-- customer.Customer_Login$customer_Login -->
    </test> <!-- Default test -->
  </suite> <!-- Default suite -->
</testng-results>
